1555761820329	mozrunner::runner	INFO	Running command: "C:\\Program Files (x86)\\Mozilla Firefox\\firefox.exe" "-marionette" "-foreground" "-no-remote" "-profile" "C:\\Users\\Elio\\AppData\\Local\\Temp\\rust_mozprofile.P3bzr7vH9TlY"
1555761821172	addons.webextension.screenshots@mozilla.org	WARN	Loading extension 'screenshots@mozilla.org': Reading manifest: Invalid extension permission: mozillaAddons
1555761821172	addons.webextension.screenshots@mozilla.org	WARN	Loading extension 'screenshots@mozilla.org': Reading manifest: Invalid extension permission: resource://pdf.js/
1555761821172	addons.webextension.screenshots@mozilla.org	WARN	Loading extension 'screenshots@mozilla.org': Reading manifest: Invalid extension permission: about:reader*
1555761822575	Marionette	INFO	Listening on port 57543
1555761823057	Marionette	WARN	TLS certificate errors will be ignored for this session
JavaScript warning: https://www.leshop.ch/main.5d268dc0c1a6b71c068d.js, line 0: Successfully compiled asm.js code (total compilation time 6ms)
1555761827068	Marionette	INFO	Stopped listening on port 57543
[Child 9972, Chrome_ChildThread] WARNING: pipe error: 109: file z:/build/build/src/ipc/chromium/src/chrome/common/ipc_channel_win.cc, line 332
[Child 9972, Chro[Child 11824, Chrome_ChildThread] WARNING: pipe error: 109: file z:/build/build/src/ipc/chromium/src/chrome/common/ipc_channel_win.cc, line 332
[Child 11824, Chrome_Ch[Parent 3668, Gecko_IOThread] WARNING: pipe error: 109: file z:/build/build/src/ipc/chromium/src/chrome/common/ipc_channel_win.cc, line 332

###!!! [Child][RunMessage] Error: Channel closing: too late to send/recv, messages will be lost

[GPU 30
###!!! [Child][MessageChannel::SendAndWait] Error: Channel error: cannot send/recv

1555762027573	mozrunner::runner	INFO	Running command: "C:\\Program Files (x86)\\Mozilla Firefox\\firefox.exe" "-marionette" "-foreground" "-no-remote" "-profile" "C:\\Users\\Elio\\AppData\\Local\\Temp\\rust_mozprofile.WBLvDJ5nWi6H"
1555762027924	addons.webextension.screenshots@mozilla.org	WARN	Loading extension 'screenshots@mozilla.org': Reading manifest: Invalid extension permission: mozillaAddons
1555762027924	addons.webextension.screenshots@mozilla.org	WARN	Loading extension 'screenshots@mozilla.org': Reading manifest: Invalid extension permission: resource://pdf.js/
1555762027925	addons.webextension.screenshots@mozilla.org	WARN	Loading extension 'screenshots@mozilla.org': Reading manifest: Invalid extension permission: about:reader*
1555762029108	Marionette	INFO	Listening on port 57892
1555762029184	Marionette	WARN	TLS certificate errors will be ignored for this session
JavaScript warning: https://www.leshop.ch/main.5d268dc0c1a6b71c068d.js, line 0: Successfully compiled asm.js code (total compilation time 1ms)
1555762031773	Marionette	INFO	Stopped listening on port 57892
[Child 4380, Chrome_ChildThread] WARNING: pipe error: 109: file z:/build/build/src/ipc/chromium/src/chrome/common/ipc_channel_win.cc, line 332
[Parent 700, Gecko_IOThread] WARNING: pipe error: 109: file z:/build/build/src/ipc/chromium/src/chrome/common/ipc_channel_win.cc, line 332

###!!! [Child][RunMessage] Error: Channel closing: too late to send/recv, messages will be lost

[GPU 216
###!!! [Child][MessageChannel::SendAndWait] Error: Channel error: cannot send/recv

1555762400929	mozrunner::runner	INFO	Running command: "C:\\Program Files (x86)\\Mozilla Firefox\\firefox.exe" "-marionette" "-foreground" "-no-remote" "-profile" "C:\\Users\\Elio\\AppData\\Local\\Temp\\rust_mozprofile.Y5aQLSAlJCim"
1555762401336	addons.webextension.screenshots@mozilla.org	WARN	Loading extension 'screenshots@mozilla.org': Reading manifest: Invalid extension permission: mozillaAddons
1555762401337	addons.webextension.screenshots@mozilla.org	WARN	Loading extension 'screenshots@mozilla.org': Reading manifest: Invalid extension permission: resource://pdf.js/
1555762401337	addons.webextension.screenshots@mozilla.org	WARN	Loading extension 'screenshots@mozilla.org': Reading manifest: Invalid extension permission: about:reader*
1555762402546	Marionette	INFO	Listening on port 58948
1555762403061	Marionette	WARN	TLS certificate errors will be ignored for this session
JavaScript warning: https://www.leshop.ch/main.5d268dc0c1a6b71c068d.js, line 0: Successfully compiled asm.js code (total compilation time 1ms)
1555762405919	Marionette	INFO	Stopped listening on port 58948
[Child 3864, Chrome_ChildThread] WARNING: pipe error: 109: file z:/build/build/src/ipc/chromium/src/chrome/common/ipc_channel_win.cc, line 332
[Parent 10756, Gecko_IOThread] WARNING: pipe error: 109: file z:/build/build/src/ipc/chromium/src/chrome/common/ipc_channel_win.cc, line 332
[Parent 10756, Gecko_IOThread] WARNING: pipe error: 109: file z:/build/build/src/ipc/chromium/src/chrome/common/ipc_channel_win.cc, line 332

###!!! [Child][RunMessage] Error: Channel closing: too late to send/recv, messages will be lost

[GPU 7944,
###!!! [Child][MessageChannel::SendAndWait] Error: Channel error: cannot send/recv

1555762409594	mozrunner::runner	INFO	Running command: "C:\\Program Files (x86)\\Mozilla Firefox\\firefox.exe" "-marionette" "-foreground" "-no-remote" "-profile" "C:\\Users\\Elio\\AppData\\Local\\Temp\\rust_mozprofile.NVMyyrDTOg86"
1555762410289	addons.webextension.screenshots@mozilla.org	WARN	Loading extension 'screenshots@mozilla.org': Reading manifest: Invalid extension permission: mozillaAddons
1555762410289	addons.webextension.screenshots@mozilla.org	WARN	Loading extension 'screenshots@mozilla.org': Reading manifest: Invalid extension permission: resource://pdf.js/
1555762410289	addons.webextension.screenshots@mozilla.org	WARN	Loading extension 'screenshots@mozilla.org': Reading manifest: Invalid extension permission: about:reader*
1555762411550	Marionette	INFO	Listening on port 58991
1555762411721	Marionette	WARN	TLS certificate errors will be ignored for this session
JavaScript warning: https://www.leshop.ch/main.5d268dc0c1a6b71c068d.js, line 0: Successfully compiled asm.js code (total compilation time 1ms)
1555762418652	Marionette	INFO	Stopped listening on port 58991
[Parent 10344, Gecko_IOThread] WARNING: pipe error: 109: file z:/build/build/src/ipc/chromium/src/chrome/common/ipc_channel_win.cc, line 332
[Parent 10344, Gecko_IOThread] WARNING: pipe error: 109: file z:/build/build/src/ipc/chromium/src/chrome/common/ipc_channel_win.cc, line 332

###!!! [Child][RunMessage] Error: Channel closing: too late to send/recv, messages will be lost

[GPU 15008, 
###!!! [Child][MessageChannel::SendAndWait] Error: Channel error: cannot send/recv

1555762465443	mozrunner::runner	INFO	Running command: "C:\\Program Files (x86)\\Mozilla Firefox\\firefox.exe" "-marionette" "-foreground" "-no-remote" "-profile" "C:\\Users\\Elio\\AppData\\Local\\Temp\\rust_mozprofile.VyzmGffPmi3D"
1555762466258	addons.webextension.screenshots@mozilla.org	WARN	Loading extension 'screenshots@mozilla.org': Reading manifest: Invalid extension permission: mozillaAddons
1555762466259	addons.webextension.screenshots@mozilla.org	WARN	Loading extension 'screenshots@mozilla.org': Reading manifest: Invalid extension permission: resource://pdf.js/
1555762466259	addons.webextension.screenshots@mozilla.org	WARN	Loading extension 'screenshots@mozilla.org': Reading manifest: Invalid extension permission: about:reader*
1555762467430	Marionette	INFO	Listening on port 59043
1555762467572	Marionette	WARN	TLS certificate errors will be ignored for this session
JavaScript warning: https://www.leshop.ch/main.5d268dc0c1a6b71c068d.js, line 0: Successfully compiled asm.js code (total compilation time 1ms)
1555762470338	Marionette	INFO	Stopped listening on port 59043
[Child 15832, Chrome_ChildThread] WARNING: pipe error: 109: file z:/build/build/src/ipc/chromium/src/chrome/common/ipc_channel_win.cc, line 332
[Child 15832, Chrome_ChildThread] WARNING: pipe error: 109: file z:/build/build/src/ipc/chromium/src/chrome/common/ipc_channel_win.cc, line 332
[Parent 6964, Gecko_IOThread] WARNING: pipe error: 109: file z:/build/build/src/ipc/chromium/src/chrome/common/ipc_channel_win.cc, line 332
[Child 4576, Chrome_ChildThread] WARNING: pipe error: 109: file z:/build/build/src/ipc/chromium/src/chrome/common/ipc_channel_win.cc, line 332
[Child 4576, Chrome_Chi[GPU 2484, Chrome_ChildThread] WARNING: pipe error: 109: file z:/buil
###!!! [Child][RunMessage] Error: Channel closing: too late to send/recv, messages will be lost


###!!! [Child][MessageChannel::SendAndWait] Error: Channel error: cannot send/recv

1555762540011	mozrunner::runner	INFO	Running command: "C:\\Program Files (x86)\\Mozilla Firefox\\firefox.exe" "-marionette" "-foreground" "-no-remote" "-profile" "C:\\Users\\Elio\\AppData\\Local\\Temp\\rust_mozprofile.OriyewWnf0QM"
1555762540366	addons.webextension.screenshots@mozilla.org	WARN	Loading extension 'screenshots@mozilla.org': Reading manifest: Invalid extension permission: mozillaAddons
1555762540366	addons.webextension.screenshots@mozilla.org	WARN	Loading extension 'screenshots@mozilla.org': Reading manifest: Invalid extension permission: resource://pdf.js/
1555762540366	addons.webextension.screenshots@mozilla.org	WARN	Loading extension 'screenshots@mozilla.org': Reading manifest: Invalid extension permission: about:reader*
1555762541589	Marionette	INFO	Listening on port 59091
1555762541636	Marionette	WARN	TLS certificate errors will be ignored for this session
JavaScript warning: https://www.leshop.ch/main.5d268dc0c1a6b71c068d.js, line 0: Successfully compiled asm.js code (total compilation time 1ms)
1555762544407	Marionette	INFO	Stopped listening on port 59091
[Child 9236, Chrome_ChildThread] WARNING: pipe error: 109: file z:/build/build/src/ipc/chromium/src/chrome/common/ipc_channel_win.cc, line 332
[Child 9236, Chrome_ChildThread] WARNING: pipe error: 109:[Child 8892, Chrome_ChildThread] WARNING: pipe error: 109: file z:/build/build/src/ipc/chromium/src/chrome/common/ipc_channel_win.cc, line 332
[Child 8892, Chrome_Chil[Parent 12128, Gecko_IOThread] WARNING: pipe error: 109: file z:/build/build/src/ipc/chromium/src/chrome/common/ipc_channel_win.cc, line 332

###!!! [Child][RunMessage] Error: Channel closing: too late to send/recv, messages will be lost

[GPU 12176
###!!! [Child][MessageChannel::SendAndWait] Error: Channel error: cannot send/recv

1555762571484	mozrunner::runner	INFO	Running command: "C:\\Program Files (x86)\\Mozilla Firefox\\firefox.exe" "-marionette" "-foreground" "-no-remote" "-profile" "C:\\Users\\Elio\\AppData\\Local\\Temp\\rust_mozprofile.HrRyvA2UzuNH"
1555762571880	addons.webextension.screenshots@mozilla.org	WARN	Loading extension 'screenshots@mozilla.org': Reading manifest: Invalid extension permission: mozillaAddons
1555762571880	addons.webextension.screenshots@mozilla.org	WARN	Loading extension 'screenshots@mozilla.org': Reading manifest: Invalid extension permission: resource://pdf.js/
1555762571880	addons.webextension.screenshots@mozilla.org	WARN	Loading extension 'screenshots@mozilla.org': Reading manifest: Invalid extension permission: about:reader*
1555762572897	Marionette	INFO	Listening on port 59136
1555762573141	Marionette	WARN	TLS certificate errors will be ignored for this session
JavaScript warning: https://www.leshop.ch/main.5d268dc0c1a6b71c068d.js, line 0: Successfully compiled asm.js code (total compilation time 2ms)
1555762575771	Marionette	INFO	Stopped listening on port 59136
[Parent 9272, Gecko_IOThread] WARNING: pipe error: 109: file z:/build/build/src/ipc/chromium/src/chrome/common/ipc_channel_win.cc, line 332
[Parent 9272, Gecko_IOThread] WARNING: pipe error: 109: file z:/build/build/src/ipc/chromium/src/chrome/common/ipc_channel_win.cc, line 332
[GPU 4648, 
###!!! [Child][RunMessage] Error: Channel closing: too late to send/recv, messages will be lost


###!!! [Child][MessageChannel::SendAndWait] Error: Channel error: cannot send/recv

1555762579431	mozrunner::runner	INFO	Running command: "C:\\Program Files (x86)\\Mozilla Firefox\\firefox.exe" "-marionette" "-foreground" "-no-remote" "-profile" "C:\\Users\\Elio\\AppData\\Local\\Temp\\rust_mozprofile.l52oardzOHop"
1555762579791	addons.webextension.screenshots@mozilla.org	WARN	Loading extension 'screenshots@mozilla.org': Reading manifest: Invalid extension permission: mozillaAddons
1555762579792	addons.webextension.screenshots@mozilla.org	WARN	Loading extension 'screenshots@mozilla.org': Reading manifest: Invalid extension permission: resource://pdf.js/
1555762579792	addons.webextension.screenshots@mozilla.org	WARN	Loading extension 'screenshots@mozilla.org': Reading manifest: Invalid extension permission: about:reader*
1555762580939	Marionette	INFO	Listening on port 59178
1555762581044	Marionette	WARN	TLS certificate errors will be ignored for this session
JavaScript warning: https://www.leshop.ch/main.5d268dc0c1a6b71c068d.js, line 0: Successfully compiled asm.js code (total compilation time 1ms)
1555762583647	Marionette	INFO	Stopped listening on port 59178
[Parent 9316, Gecko_IOThread] WARNING: pipe error: 109: file z:/build/build/src/ipc/chromium/src/chrome/common/ipc_channel_win.cc, line 332

###!!! [Child][RunMessage] Error: Channel closing: too late to send/recv, messages will be lost

[GPU 
###!!! [Child][MessageChannel::SendAndWait] Error: Channel error: cannot send/recv

1555762614007	mozrunner::runner	INFO	Running command: "C:\\Program Files (x86)\\Mozilla Firefox\\firefox.exe" "-marionette" "-foreground" "-no-remote" "-profile" "C:\\Users\\Elio\\AppData\\Local\\Temp\\rust_mozprofile.elacElthuDAW"
1555762614418	addons.webextension.screenshots@mozilla.org	WARN	Loading extension 'screenshots@mozilla.org': Reading manifest: Invalid extension permission: mozillaAddons
1555762614419	addons.webextension.screenshots@mozilla.org	WARN	Loading extension 'screenshots@mozilla.org': Reading manifest: Invalid extension permission: resource://pdf.js/
1555762614419	addons.webextension.screenshots@mozilla.org	WARN	Loading extension 'screenshots@mozilla.org': Reading manifest: Invalid extension permission: about:reader*
1555762615581	Marionette	INFO	Listening on port 59225
1555762615625	Marionette	WARN	TLS certificate errors will be ignored for this session
JavaScript warning: https://www.leshop.ch/main.5d268dc0c1a6b71c068d.js, line 0: Successfully compiled asm.js code (total compilation time 1ms)
1555762618367	Marionette	INFO	Stopped listening on port 59225
[Child 16048, Chrome_ChildThread] WARNING: pipe error: 109: file z:/build/build/src/ipc/chromium/src/chrome/common/ipc_channel_win.cc, line 332
[Child 16048, Chrome_ChildThre[Child 13904, Chrome_ChildThread] WARNING: pipe error: 109: file z:/build/build/src/ipc/chromium/src/chrome/common/ipc_channel_win.cc, line 332
[Child 13904, Chrome_Ch
###!!! [Child][RunMessage] Error: Channel closing: too late to send/recv, messages will be lost

[GPU 10228, C
###!!! [Child][MessageChannel::SendAndWait] Error: Channel error: cannot send/recv

1555762622028	mozrunner::runner	INFO	Running command: "C:\\Program Files (x86)\\Mozilla Firefox\\firefox.exe" "-marionette" "-foreground" "-no-remote" "-profile" "C:\\Users\\Elio\\AppData\\Local\\Temp\\rust_mozprofile.zuIMpDC5cAwk"
1555762622383	addons.webextension.screenshots@mozilla.org	WARN	Loading extension 'screenshots@mozilla.org': Reading manifest: Invalid extension permission: mozillaAddons
1555762622383	addons.webextension.screenshots@mozilla.org	WARN	Loading extension 'screenshots@mozilla.org': Reading manifest: Invalid extension permission: resource://pdf.js/
1555762622383	addons.webextension.screenshots@mozilla.org	WARN	Loading extension 'screenshots@mozilla.org': Reading manifest: Invalid extension permission: about:reader*
1555762623579	Marionette	INFO	Listening on port 59269
1555762623648	Marionette	WARN	TLS certificate errors will be ignored for this session
JavaScript warning: https://www.leshop.ch/main.5d268dc0c1a6b71c068d.js, line 0: Successfully compiled asm.js code (total compilation time 1ms)
1555762626275	Marionette	INFO	Stopped listening on port 59269
[Parent 6456, Gecko_IOThread] WARNING: pipe error: 109: file z:/build/build/src/ipc/chromium/src/chrome/common/ipc_channel_win.cc, line 332
[Parent 6456, Gecko_IOThread] WARNING: pipe error: 109: file z:/build/build/src/ipc/chromium/src/chrome/common/ipc_channel_win.cc, line 332

###!!! [Child][RunMessage] Error: Channel closing: too late to send/recv, messages will be lost

[GPU 8528, Chrome_ChildThread] W
###!!! [Child][MessageChannel::SendAndWait] Error: Channel error: cannot send/recv

